\BOOKMARK [-1][-]{part.1}{Part\040I\040Sed\040a\040Turpis\040Eu\040Lacus\040Commodo}{}% 1
\BOOKMARK [0][-]{chapter.1}{Chapter\040Heading}{part.1}% 2
\BOOKMARK [1][-]{section.1.1}{Section\040Heading}{chapter.1}% 3
\BOOKMARK [2][-]{subsection.1.1.1}{Sub\040Section\040Heading}{section.1.1}% 4
\BOOKMARK [1][-]{section*.13}{Problems}{chapter.1}% 5
\BOOKMARK [-1][-]{part.2}{Part\040II\040Sed\040a\040Turpis\040Eu\040Lacus\040Commodo}{}% 6
\BOOKMARK [0][-]{chapter.6}{Chapter\040Heading}{part.2}% 7
\BOOKMARK [1][-]{section.6.1}{Section\040Heading}{chapter.6}% 8
\BOOKMARK [2][-]{subsection.6.1.1}{Sub\040Section\040Heading}{section.6.1}% 9
\BOOKMARK [2][-]{subsection.6.1.2}{Sub\040Section\040Heading}{section.6.1}% 10
\BOOKMARK [2][-]{subsection.6.1.3}{Sub\040Section\040Heading}{section.6.1}% 11
\BOOKMARK [1][-]{section.6.2}{Section\040Heading}{chapter.6}% 12
\BOOKMARK [2][-]{subsection.6.2.1}{Sub\040Section\040Heading}{section.6.2}% 13
\BOOKMARK [2][-]{subsection.6.2.2}{Sub\040Section\040Heading}{section.6.2}% 14
\BOOKMARK [1][-]{section.6.3}{Section\040Heading}{chapter.6}% 15
\BOOKMARK [2][-]{subsection.6.3.1}{Sub\040Section\040Heading}{section.6.3}% 16
\BOOKMARK [2][-]{subsection.6.3.2}{Sub\040Section\040Heading}{section.6.3}% 17
\BOOKMARK [1][-]{section.6.4}{Section\040Heading}{chapter.6}% 18
\BOOKMARK [1][-]{section*.24}{Exercises}{chapter.6}% 19
\BOOKMARK [1][-]{section.A.1}{Section\040Heading}{chapter.6}% 20
\BOOKMARK [2][-]{subsection.A.1.1}{Sub\040section}{section.A.1}% 21
\BOOKMARK [2][-]{subsection.A.1.2}{Sub\040section}{section.A.1}% 22
\BOOKMARK [2][-]{subsection.A.1.3}{Sub\040section}{section.A.1}% 23
\BOOKMARK [2][-]{subsection.A.1.4}{Sub\040section}{section.A.1}% 24
\BOOKMARK [0][-]{appendix*.29}{Index}{part.2}% 25
